#
# An unexpected error has been detected by Java Runtime Environment:
#
#  EXCEPTION_ACCESS_VIOLATION (0xc0000005) at pc=0x79843a4b, pid=3292, tid=2916
#
# Java VM: Java HotSpot(TM) Client VM (11.2-b01 mixed mode windows-x86)
# Problematic frame:
# C  [awt.dll+0x73a4b]
#
# If you would like to submit a bug report, please visit:
#   http://java.sun.com/webapps/bugreport/crash.jsp
# The crash happened outside the Java Virtual Machine in native code.
# See problematic frame for where to report the bug.
#

---------------  T H R E A D  ---------------

Current thread (0x14e63800):  JavaThread "AWT-Windows" daemon [_thread_in_native, id=2916, stack(0x15070000,0x150f0000)]

siginfo: ExceptionCode=0xc0000005, reading address 0x002b8d05

Registers:
EAX=0x002b8d05, EBX=0x7c811752, ECX=0x150ef4d0, EDX=0x0520f534
ESP=0x150ef498, EBP=0x00007103, ESI=0x1590ea68, EDI=0x00000111
EIP=0x79843a4b, EFLAGS=0x00010206

Top of Stack: (sp=0x150ef498)
0x150ef498:   79846abf 00007103 00000000 00000000
0x150ef4a8:   00007103 1590ea68 150ef528 00000111
0x150ef4b8:   00000001 150ef590 00050244 150ef4fc
0x150ef4c8:   00000000 14e63914 150ef51c 7988e5a8
0x150ef4d8:   00000000 7986e0de 00000111 00007103
0x150ef4e8:   00000000 150ef590 00050244 00000000
0x150ef4f8:   00000000 7983d8cb 00000111 00007103
0x150ef508:   00000000 150ef590 7983d870 00000000 

Instructions: (pc=0x79843a4b)
0x79843a3b:   04 50 b9 38 29 8d 79 e8 09 66 02 00 85 c0 74 07
0x79843a4b:   8b 10 8b c8 ff 52 04 b8 02 00 00 00 c2 0c 00 50 


Stack: [0x15070000,0x150f0000],  sp=0x150ef498,  free space=509k
Native frames: (J=compiled Java code, j=interpreted, Vv=VM code, C=native code)
C  [awt.dll+0x73a4b]

Java frames: (J=compiled Java code, j=interpreted, Vv=VM code)
j  sun.awt.windows.WToolkit.eventLoop()V+0
j  sun.awt.windows.WToolkit.run()V+69
j  java.lang.Thread.run()V+11
v  ~StubRoutines::call_stub

---------------  P R O C E S S  ---------------

Java Threads: ( => current thread )
  0x157a2c00 JavaThread "Image Fetcher 0" daemon [_thread_blocked, id=3796, stack(0x24500000,0x24580000)]
  0x158d6400 JavaThread "Timer-InstrumentReadWritePoll" [_thread_blocked, id=548, stack(0x24480000,0x24500000)]
  0x15714800 JavaThread "Thread-36" [_thread_blocked, id=900, stack(0x1dd60000,0x1dde0000)]
  0x15c83400 JavaThread "Thread-17" [_thread_blocked, id=828, stack(0x17830000,0x178b0000)]
  0x15c78c00 JavaThread "Thread-16" [_thread_blocked, id=596, stack(0x177b0000,0x17830000)]
  0x15c24000 JavaThread "Thread-15" [_thread_blocked, id=1492, stack(0x17730000,0x177b0000)]
  0x15c1ec00 JavaThread "Thread-14" [_thread_blocked, id=2092, stack(0x176b0000,0x17730000)]
  0x157bd800 JavaThread "Thread-13" [_thread_blocked, id=3168, stack(0x17630000,0x176b0000)]
  0x1578f800 JavaThread "Thread-12" [_thread_blocked, id=3000, stack(0x175b0000,0x17630000)]
  0x15c04c00 JavaThread "Thread-11" [_thread_blocked, id=2980, stack(0x17530000,0x175b0000)]
  0x15bfbc00 JavaThread "Thread-10" [_thread_blocked, id=1080, stack(0x174b0000,0x17530000)]
  0x15bea400 JavaThread "Thread-9" [_thread_blocked, id=2332, stack(0x17020000,0x170a0000)]
  0x15b0d800 JavaThread "Thread-8" [_thread_blocked, id=236, stack(0x167a0000,0x16820000)]
  0x15ab7800 JavaThread "Active Reference Queue Daemon" daemon [_thread_blocked, id=3904, stack(0x166a0000,0x16720000)]
  0x15aa6400 JavaThread "Timer-2" daemon [_thread_blocked, id=3184, stack(0x16620000,0x166a0000)]
  0x14de7800 JavaThread "FelixPackageAdmin" daemon [_thread_blocked, id=2584, stack(0x165a0000,0x16620000)]
  0x158b3800 JavaThread "FelixStartLevel" daemon [_thread_blocked, id=2588, stack(0x16520000,0x165a0000)]
  0x15aa7400 JavaThread "FelixDispatchQueue" [_thread_blocked, id=2948, stack(0x164a0000,0x16520000)]
  0x1574a800 JavaThread "Timer-1" daemon [_thread_blocked, id=2688, stack(0x16410000,0x16490000)]
  0x051d9400 JavaThread "TimerQueue" daemon [_thread_blocked, id=3872, stack(0x162c0000,0x16340000)]
  0x051c5800 JavaThread "AWT-EventQueue-0" [_thread_in_native, id=3348, stack(0x16230000,0x162b0000)]
  0x051c8800 JavaThread "AWT-Shutdown" [_thread_blocked, id=2512, stack(0x161a0000,0x16220000)]
  0x14e75800 JavaThread "Timer-0" [_thread_blocked, id=2920, stack(0x150f0000,0x15170000)]
=>0x14e63800 JavaThread "AWT-Windows" daemon [_thread_in_native, id=2916, stack(0x15070000,0x150f0000)]
  0x14e46400 JavaThread "Java2D Disposer" daemon [_thread_blocked, id=2868, stack(0x14f70000,0x14ff0000)]
  0x14d8e800 JavaThread "JMI Unnamed Thread" [_thread_in_native, id=3304, stack(0x02ee0000,0x036e0000)]
  0x051ac000 JavaThread "Low Memory Detector" daemon [_thread_blocked, id=3320, stack(0x144f0000,0x14570000)]
  0x051a9000 JavaThread "CompilerThread0" daemon [_thread_blocked, id=1920, stack(0x13cf0000,0x144f0000)]
  0x051a4800 JavaThread "Attach Listener" daemon [_thread_blocked, id=1496, stack(0x13c70000,0x13cf0000)]
  0x05191400 JavaThread "Finalizer" daemon [_thread_blocked, id=3336, stack(0x13bf0000,0x13c70000)]
  0x0518fc00 JavaThread "Reference Handler" daemon [_thread_blocked, id=2756, stack(0x13b70000,0x13bf0000)]
  0x04eff400 JavaThread "main" [_thread_blocked, id=3296, stack(0x00440000,0x00c40000)]

Other Threads:
  0x0518ac00 VMThread [stack: 0x13370000,0x13b70000] [id=2724]
  0x051adc00 WatcherThread [stack: 0x14570000,0x14d70000] [id=2704]

VM state:not at safepoint (normal execution)

VM Mutex/Monitor currently owned by a thread: None

Heap
 def new generation   total 29504K, used 13269K [0x07290000, 0x09290000, 0x09290000)
  eden space 26240K,  47% used [0x07290000, 0x07ea05b8, 0x08c30000)
  from space 3264K,  28% used [0x08f60000, 0x090450e0, 0x09290000)
  to   space 3264K,   0% used [0x08c30000, 0x08c30000, 0x08f60000)
 tenured generation   total 98304K, used 80431K [0x09290000, 0x0f290000, 0x0f290000)
   the space 98304K,  81% used [0x09290000, 0x0e11bfe0, 0x0e11c000, 0x0f290000)
 compacting perm gen  total 33536K, used 33410K [0x0f290000, 0x11350000, 0x13290000)
   the space 33536K,  99% used [0x0f290000, 0x11330860, 0x11330a00, 0x11350000)
No shared spaces configured.

Dynamic libraries:
0x00400000 - 0x00433000 	C:\Program Files\MATLAB\R2009b\bin\win32\matlab.exe
0x7c900000 - 0x7c9b2000 	C:\WINDOWS\system32\ntdll.dll
0x7c800000 - 0x7c8f6000 	C:\WINDOWS\system32\kernel32.dll
0x7bae0000 - 0x7bb89000 	C:\Program Files\MATLAB\R2009b\bin\win32\libut.dll
0x76c90000 - 0x76cb9000 	C:\WINDOWS\system32\imagehlp.dll
0x77dd0000 - 0x77e6b000 	C:\WINDOWS\system32\ADVAPI32.dll
0x77e70000 - 0x77f03000 	C:\WINDOWS\system32\RPCRT4.dll
0x77fe0000 - 0x77ff1000 	C:\WINDOWS\system32\Secur32.dll
0x77c10000 - 0x77c68000 	C:\WINDOWS\system32\msvcrt.dll
0x76bf0000 - 0x76bfb000 	C:\WINDOWS\system32\PSAPI.DLL
0x7c1c0000 - 0x7c1df000 	C:\Program Files\MATLAB\R2009b\bin\win32\LIBEXPAT.dll
0x78130000 - 0x781cb000 	C:\WINDOWS\WinSxS\x86_Microsoft.VC80.CRT_1fc8b3b9a1e18e3b_8.0.50727.6195_x-ww_44262b86\MSVCR80.dll
0x7bf40000 - 0x7c028000 	C:\Program Files\MATLAB\R2009b\bin\win32\icuuc40.dll
0x7b5e0000 - 0x7b5e4000 	C:\Program Files\MATLAB\R2009b\bin\win32\icudt40.dll
0x7b5f0000 - 0x7b5fc000 	C:\Program Files\MATLAB\R2009b\bin\win32\icuio40.dll
0x7b830000 - 0x7b928000 	C:\Program Files\MATLAB\R2009b\bin\win32\icuin40.dll
0x7c420000 - 0x7c4a7000 	C:\WINDOWS\WinSxS\x86_Microsoft.VC80.CRT_1fc8b3b9a1e18e3b_8.0.50727.6195_x-ww_44262b86\MSVCP80.dll
0x7e410000 - 0x7e4a1000 	C:\WINDOWS\system32\USER32.dll
0x77f10000 - 0x77f59000 	C:\WINDOWS\system32\GDI32.dll
0x786f0000 - 0x78728000 	C:\Program Files\MATLAB\R2009b\bin\win32\libmwfl.dll
0x7d390000 - 0x7d39e000 	C:\Program Files\MATLAB\R2009b\bin\win32\boost_date_time-vc80-mt-1_36.dll
0x7d280000 - 0x7d290000 	C:\Program Files\MATLAB\R2009b\bin\win32\boost_signals-vc80-mt-1_36.dll
0x7c710000 - 0x7c717000 	C:\Program Files\MATLAB\R2009b\bin\win32\boost_system-vc80-mt-1_36.dll
0x7b5d0000 - 0x7b5dc000 	C:\Program Files\MATLAB\R2009b\bin\win32\boost_thread-vc80-mt-1_36.dll
0x7bc10000 - 0x7be19000 	C:\Program Files\MATLAB\R2009b\bin\win32\libmwservices.dll
0x7bb90000 - 0x7bc0b000 	C:\Program Files\MATLAB\R2009b\bin\win32\libmx.dll
0x78bc0000 - 0x78bd3000 	C:\Program Files\MATLAB\R2009b\bin\win32\zlib1.dll
0x7be20000 - 0x7bf34000 	C:\Program Files\MATLAB\R2009b\bin\win32\libmwmathutil.dll
0x79cf0000 - 0x79d25000 	C:\Program Files\MATLAB\R2009b\bin\win32\mpath.dll
0x7c2c0000 - 0x7c2f0000 	C:\Program Files\MATLAB\R2009b\bin\win32\mlutil.dll
0x786a0000 - 0x786ce000 	C:\Program Files\MATLAB\R2009b\bin\win32\tbb.dll
0x5d090000 - 0x5d12a000 	C:\WINDOWS\system32\COMCTL32.dll
0x763b0000 - 0x763f9000 	C:\WINDOWS\system32\comdlg32.dll
0x7c9c0000 - 0x7d1d7000 	C:\WINDOWS\system32\SHELL32.dll
0x77f60000 - 0x77fd6000 	C:\WINDOWS\system32\SHLWAPI.dll
0x5b860000 - 0x5b8b5000 	C:\WINDOWS\system32\NETAPI32.dll
0x71ab0000 - 0x71ac7000 	C:\WINDOWS\system32\WS2_32.dll
0x71aa0000 - 0x71aa8000 	C:\WINDOWS\system32\WS2HELP.dll
0x7d560000 - 0x7d576000 	C:\Program Files\MATLAB\R2009b\bin\win32\boost_filesystem-vc80-mt-1_36.dll
0x7a270000 - 0x7a2d0000 	C:\Program Files\MATLAB\R2009b\bin\win32\mcr.dll
0x7b600000 - 0x7b64f000 	C:\Program Files\MATLAB\R2009b\bin\win32\iqm.dll
0x7a850000 - 0x7ad3b000 	C:\Program Files\MATLAB\R2009b\bin\win32\m_interpreter.dll
0x7b660000 - 0x7b66c000 	C:\Program Files\MATLAB\R2009b\bin\win32\libmex.dll
0x7a140000 - 0x7a1a4000 	C:\Program Files\MATLAB\R2009b\bin\win32\m_dispatcher.dll
0x7d1e0000 - 0x7d23e000 	C:\Program Files\MATLAB\R2009b\bin\win32\xmlcore.dll
0x79600000 - 0x797c2000 	C:\Program Files\MATLAB\R2009b\bin\win32\xerces-c_2_7.dll
0x7d4b0000 - 0x7d54d000 	C:\Program Files\MATLAB\R2009b\bin\win32\boost_regex-vc80-mt-1_36.dll
0x7a050000 - 0x7a0a7000 	C:\Program Files\MATLAB\R2009b\bin\win32\profiler.dll
0x7b6c0000 - 0x7b6de000 	C:\Program Files\MATLAB\R2009b\bin\win32\libmwmathrng.dll
0x78b40000 - 0x78b52000 	C:\Program Files\MATLAB\R2009b\bin\win32\m_pcodeio.dll
0x79cb0000 - 0x79ce7000 	C:\Program Files\MATLAB\R2009b\bin\win32\m_ir.dll
0x7a350000 - 0x7a843000 	C:\Program Files\MATLAB\R2009b\bin\win32\m_parser.dll
0x7b650000 - 0x7b65e000 	C:\Program Files\MATLAB\R2009b\bin\win32\ir_xfmr.dll
0x78730000 - 0x78891000 	C:\Program Files\MATLAB\R2009b\bin\win32\mcos.dll
0x7b6f0000 - 0x7b6fa000 	C:\Program Files\MATLAB\R2009b\bin\win32\mtok.dll
0x78b20000 - 0x78b36000 	C:\Program Files\MATLAB\R2009b\bin\win32\m_pcodegen.dll
0x78a90000 - 0x78aac000 	C:\Program Files\MATLAB\R2009b\bin\win32\bridge.dll
0x7b2c0000 - 0x7b344000 	C:\Program Files\MATLAB\R2009b\bin\win32\udd.dll
0x7c030000 - 0x7c128000 	C:\Program Files\MATLAB\R2009b\bin\win32\libmwgui.dll
0x78c20000 - 0x79034000 	C:\Program Files\MATLAB\R2009b\bin\win32\hg.dll
0x78ab0000 - 0x78ad7000 	C:\Program Files\MATLAB\R2009b\bin\win32\libmat.dll
0x7b930000 - 0x7bad5000 	C:\Program Files\MATLAB\R2009b\bin\win32\libhdf5.dll
0x79c20000 - 0x79c61000 	C:\Program Files\MATLAB\R2009b\bin\win32\jmi.dll
0x79920000 - 0x7994c000 	C:\Program Files\MATLAB\R2009b\bin\win32\libmwhardcopy.dll
0x79c70000 - 0x79ca9000 	C:\Program Files\MATLAB\R2009b\bin\win32\libuij.dll
0x785d0000 - 0x7869f000 	C:\Program Files\MATLAB\R2009b\bin\win32\hgdatatypes.dll
0x785a0000 - 0x785d0000 	C:\Program Files\MATLAB\R2009b\bin\win32\hgutils.dll
0x78ae0000 - 0x78b11000 	C:\Program Files\MATLAB\R2009b\bin\win32\libmwlapack.dll
0x7b680000 - 0x7b68e000 	C:\Program Files\MATLAB\R2009b\bin\win32\libmwbinder.dll
0x7b350000 - 0x7b5c4000 	C:\Program Files\MATLAB\R2009b\bin\win32\uiw.dll
0x7b730000 - 0x7b739000 	C:\Program Files\MATLAB\R2009b\bin\win32\uinone.dll
0x781d0000 - 0x782df000 	C:\WINDOWS\WinSxS\x86_Microsoft.VC80.MFC_1fc8b3b9a1e18e3b_8.0.50727.762_x-ww_3bf8fa05\MFC80.DLL
0x73000000 - 0x73026000 	C:\WINDOWS\system32\WINSPOOL.DRV
0x774e0000 - 0x7761e000 	C:\WINDOWS\system32\ole32.dll
0x77120000 - 0x771ab000 	C:\WINDOWS\system32\OLEAUT32.dll
0x7a2d0000 - 0x7a346000 	C:\Program Files\MATLAB\R2009b\bin\win32\udd_mi.dll
0x78b60000 - 0x78b73000 	C:\Program Files\MATLAB\R2009b\bin\win32\mwoles05.DLL
0x7a000000 - 0x7a045000 	C:\Program Files\MATLAB\R2009b\bin\win32\comcli.dll
0x7c630000 - 0x7c64b000 	C:\WINDOWS\WinSxS\x86_Microsoft.VC80.ATL_1fc8b3b9a1e18e3b_8.0.50727.762_x-ww_cbb27474\ATL80.DLL
0x7b6e0000 - 0x7b6eb000 	C:\Program Files\MATLAB\R2009b\bin\win32\mlautoregister.dll
0x76390000 - 0x763ad000 	C:\WINDOWS\system32\IMM32.DLL
0x773d0000 - 0x774d3000 	C:\WINDOWS\WinSxS\x86_Microsoft.Windows.Common-Controls_6595b64144ccf1df_6.0.2600.6028_x-ww_61e65202\comctl32.dll
0x5d360000 - 0x5d36e000 	C:\WINDOWS\WinSxS\x86_Microsoft.VC80.MFCLOC_1fc8b3b9a1e18e3b_8.0.50727.762_x-ww_91481303\MFC80ENU.DLL
0x5ad70000 - 0x5ada8000 	C:\WINDOWS\system32\uxtheme.dll
0x74720000 - 0x7476c000 	C:\WINDOWS\system32\MSCTF.dll
0x755c0000 - 0x755ee000 	C:\WINDOWS\system32\msctfime.ime
0x76d60000 - 0x76d79000 	C:\WINDOWS\system32\iphlpapi.dll
0x74290000 - 0x74294000 	C:\WINDOWS\system32\icmp.Dll
0x799c0000 - 0x79c16000 	C:\Program Files\MATLAB\R2009b\sys\java\jre\win32\jre\bin\client\jvm.dll
0x76b40000 - 0x76b6d000 	C:\WINDOWS\system32\WINMM.dll
0x7c1e0000 - 0x7c236000 	C:\Program Files\MATLAB\R2009b\bin\win32\MSVCR71.dll
0x59a60000 - 0x59b01000 	C:\WINDOWS\system32\DBGHELP.dll
0x77c00000 - 0x77c08000 	C:\WINDOWS\system32\VERSION.dll
0x7a100000 - 0x7a108000 	C:\Program Files\MATLAB\R2009b\sys\java\jre\win32\jre\bin\hpi.dll
0x7a120000 - 0x7a12c000 	C:\Program Files\MATLAB\R2009b\sys\java\jre\win32\jre\bin\verify.dll
0x78be0000 - 0x78bff000 	C:\Program Files\MATLAB\R2009b\sys\java\jre\win32\jre\bin\java.dll
0x7a130000 - 0x7a13f000 	C:\Program Files\MATLAB\R2009b\sys\java\jre\win32\jre\bin\zip.dll
0x797d0000 - 0x7991a000 	C:\Program Files\MATLAB\R2009b\sys\java\jre\win32\jre\bin\awt.dll
0x78b80000 - 0x78b98000 	C:\Program Files\MATLAB\R2009b\bin\win32\nativejava.dll
0x78ba0000 - 0x78bbf000 	C:\Program Files\MATLAB\R2009b\bin\win32\nativejmi.dll
0x7b720000 - 0x7b726000 	C:\Program Files\MATLAB\R2009b\bin\win32\nativeservices.dll
0x7a1b0000 - 0x7a204000 	C:\Program Files\MATLAB\R2009b\sys\java\jre\win32\jre\bin\fontmanager.dll
0x78c00000 - 0x78c13000 	C:\Program Files\MATLAB\R2009b\sys\java\jre\win32\jre\bin\net.dll
0x7a110000 - 0x7a119000 	C:\Program Files\MATLAB\R2009b\sys\java\jre\win32\jre\bin\nio.dll
0x68000000 - 0x68036000 	C:\WINDOWS\system32\rsaenh.dll
0x769c0000 - 0x76a74000 	C:\WINDOWS\system32\USERENV.dll
0x71a50000 - 0x71a8f000 	C:\WINDOWS\System32\mswsock.dll
0x76f20000 - 0x76f47000 	C:\WINDOWS\system32\DNSAPI.dll
0x76fb0000 - 0x76fb8000 	C:\WINDOWS\System32\winrnr.dll
0x76f60000 - 0x76f8c000 	C:\WINDOWS\system32\WLDAP32.dll
0x16150000 - 0x16179000 	C:\Program Files\Agilent\IO Libraries Suite\LxiMdnsNsp.dll
0x76fc0000 - 0x76fc6000 	C:\WINDOWS\system32\rasadhlp.dll
0x78300000 - 0x78308000 	C:\Program Files\MATLAB\R2009b\bin\win32\nativelmgr.dll
0x16340000 - 0x16364000 	C:\Program Files\MATLAB\R2009b\sys\java\jre\win32\jre\bin\jpeg.dll
0x78310000 - 0x784a1000 	C:\Program Files\MATLAB\R2009b\bin\win32\instutil.dll
0x7b700000 - 0x7b70a000 	C:\Program Files\MATLAB\R2009b\bin\win32\nativecmdwin.dll
0x7b710000 - 0x7b717000 	C:\Program Files\MATLAB\R2009b\bin\win32\nativelex.dll
0x7c330000 - 0x7c338000 	C:\Program Files\MATLAB\R2009b\bin\win32\nativemlint.dll
0x16730000 - 0x16781000 	C:\Program Files\MATLAB\R2009b\bin\win32\mlint.dll
0x79990000 - 0x799b3000 	C:\Program Files\MATLAB\R2009b\sys\java\jre\win32\jre\bin\dcpr.dll
0x6a900000 - 0x6a96c000 	C:\WINDOWS\System32\spool\DRIVERS\W32X86\3\pdfc_ui.dll
0x786d0000 - 0x786df000 	C:\Program Files\MATLAB\R2009b\bin\win32\tbbmalloc.dll
0x790b0000 - 0x79554000 	C:\Program Files\MATLAB\R2009b\bin\win32\libmwmathelem.dll
0x79040000 - 0x790af000 	C:\Program Files\MATLAB\R2009b\bin\win32\libmwmathcore.dll
0x7a0b0000 - 0x7a0fb000 	C:\Program Files\MATLAB\R2009b\bin\win32\libmwcholmod.dll
0x7b670000 - 0x7b67a000 	C:\Program Files\MATLAB\R2009b\bin\win32\libmwamd.dll
0x7b6a0000 - 0x7b6aa000 	C:\Program Files\MATLAB\R2009b\bin\win32\libmwcolamd.dll
0x7b690000 - 0x7b69c000 	C:\Program Files\MATLAB\R2009b\bin\win32\libmwblas.dll

VM Arguments:
jvm_args: -Xss512k -XX:PermSize=32m -Xms64m -XX:NewRatio=3 -XX:MaxPermSize=64m -Xmx128m -XX:MaxDirectMemorySize=1200000000 -Dsun.java2d.noddraw=true -Dsun.awt.nopixfmt=true -Xshare:off -Xrs -Djava.library.path=C:\Program Files\MATLAB\R2009b\bin\win32 vfprintf abort 
java_command: <unknown>
Launcher Type: generic

Environment Variables:
PATH=C:\Inprise\vbroker\bin;C:\PROGRA~1\Borland\CBUILD~1\Bin;C:\PROGRA~1\Borland\CBUILD~1\Projects\Bpl;C:\WINDOWS\system32;C:\WINDOWS;C:\WINDOWS\System32\Wbem;C:\Program Files\Intel\DMIX;C:\VXIPNP\WinNT\bin;C:\Program Files\Symantec\Workspace Virtualization\;C:\Program Files\MATLAB\R2009b\runtime\win32;C:\Program Files\MATLAB\R2009b\bin;C:\Program Files\Agilent\IO Libraries Suite\bin;C:\VXIPNP\WinNT\agvisa;C:\Program Files\IVI Foundation\IVI\bin;C:\VXIPNP\WinNT\Bin\
USERNAME=Administrator
OS=Windows_NT
PROCESSOR_IDENTIFIER=x86 Family 6 Model 23 Stepping 10, GenuineIntel



---------------  S Y S T E M  ---------------

OS: Windows XP Build 2600 Service Pack 3

CPU:total 2 (2 cores per cpu, 1 threads per core) family 6 model 7 stepping 10, cmov, cx8, fxsr, mmx, sse, sse2, sse3, ssse3

Memory: 4k page, physical 2024624k(1184244k free), swap 3962228k(3305632k free)

vm_info: Java HotSpot(TM) Client VM (11.2-b01) for windows-x86 JRE (1.6.0_12-b04), built on Jan 17 2009 09:57:14 by "java_re" with MS VC++ 7.1

time: Tue Apr 14 13:26:37 2015
elapsed time: 11679 seconds

